########################################################################
#               Oracle Database Tuning Report                          #
########################################################################

Instance Name:

ora_kic                                                                                                                                                                                                                                                                                                      


Date Of This Report:

07 January   2001  11:20                                                                                                                                                                                                                                                                                     


########################################################################

Memory Allocation Checks

########################################################################


Library Cache Check

Goal:			<1%

Corrective Action:	Increase shared_pool_size
.			Write identical SQL statements


Library Cache Miss Ratio (%)                                                                                                                                                                                                                                                                                 
----------------------------                                                                                                                                                                                                                                                                                 
                         .30                                                                                                                                                                                                                                                                                 


########################################################################

Data Dictionary Cache Check

Goal:			<10%

Corrective Actions:	Increase shared_pool_size


Data Dictionary Cache Miss Ratio (%)                                                                                                                                                                                                                                                                         
------------------------------------                                                                                                                                                                                                                                                                         
                                3.95                                                                                                                                                                                                                                                                         


########################################################################

Multi-Threaded Server Session Memory

Goal:			Shared_pool_size at lease equal to maximum
.			session memory

Corrective Action:	Increase shared_pool_size


Session Memory (Bytes)                                                                                                                                                                                                                                                                                       
----------------------                                                                                                                                                                                                                                                                                       
           192,399,792                                                                                                                                                                                                                                                                                       


Shared_Pool_Size (Bytes)                                                                                                                                                                                                                                                                                     
------------------------                                                                                                                                                                                                                                                                                     
             850,000,000                                                                                                                                                                                                                                                                                     


########################################################################

Buffer Cache Hit Ratio

Goal:			Above 60 to 70 percent

Corrective Action:	Increase db_block_buffers


Hit Ratio (%)                                                                                                                                                                                                                                                                                                
-------------                                                                                                                                                                                                                                                                                                
         63.3                                                                                                                                                                                                                                                                                                


########################################################################

Disk I/O Checks

########################################################################
########################################################################

Disk Activity Check

Goal:			Balance Load Between Disks

Corrective Action:	Transfer files, reduce other loads to disks,
.			striping disks, separating data files and redo
.			logs



Data File                                            Reads       Writes                                                                                                                                                                                                                                      
--------------------------------------------- ------------ ------------                                                                                                                                                                                                                                      
/raid0/oradata/ora_kic/system01.dbf                 23,022          354                                                                                                                                                                                                                                      
/raid0/oradata/ora_kic/rbs01.dbf                    17,636        9,523                                                                                                                                                                                                                                      
/raid0/oradata/ora_kic/temp01.dbf                        3            1                                                                                                                                                                                                                                      
/raid0/oradata/ora_kic/tools01.dbf                     103            1                                                                                                                                                                                                                                      
/raid0/oradata/ora_kic/users01.dbf                       3            1                                                                                                                                                                                                                                      
/raid1/premiadata/premtemp01.dbf                    56,645      501,181                                                                                                                                                                                                                                      
/raid1/premiadata/fin7temp01.dbf                         3            1                                                                                                                                                                                                                                      
/raid1/premiadata/lifetemp01.dbf                         3           83                                                                                                                                                                                                                                      
/raid1/premiadata/othrtemp01.dbf                         3            1                                                                                                                                                                                                                                      
/raid1/premiadata/premia01.dbf                  31,660,801       11,636                                                                                                                                                                                                                                      
/raid1/premiadata/final701.dbf                      13,270          548                                                                                                                                                                                                                                      
/raid1/premiadata/life01.dbf                         6,856           39                                                                                                                                                                                                                                      
/raid1/premiadata/fin7life01.dbf                     4,393          166                                                                                                                                                                                                                                      
/raid1/premiadata/edp01.dbf                              3            1                                                                                                                                                                                                                                      
/raid1/premiadata/shares01.dbf                           3            1                                                                                                                                                                                                                                      
/raid1/premiadata/payroll01.dbf                          3            1                                                                                                                                                                                                                                      
/raid1/premiadata/premidxtab01.dbf               1,281,771       12,133                                                                                                                                                                                                                                      
/raid1/premiadata/fin7idx01.dbf                     46,636          195                                                                                                                                                                                                                                      
/raid1/premiadata/fin7idx02.dbf                     35,163          757                                                                                                                                                                                                                                      
/raid1/premiadata/rbs_ny1                                4            1                                                                                                                                                                                                                                      
/raid1/premiadata/fin7idx03.dbf                      6,470        1,100                                                                                                                                                                                                                                      
/raid0/oradata/ora_kic/tools02.dbf                       3            1                                                                                                                                                                                                                                      
/raid1/premiadata/rbs_ny2                                3            1                                                                                                                                                                                                                                      
/raid1/premiadata/rbs_ny3                                3            1                                                                                                                                                                                                                                      


########################################################################

Oracle Contention Checks

########################################################################
########################################################################

Rollback Segment Contention

Goal:			Measured Counts < 1% of total gets
.			(the choice of Oracle column names makes it
.			impossible to do this calculation for you)

Corrective Action:	Add more rollback segments



      Total Gets                                                                                                                                                                                                                                                                                             
----------------                                                                                                                                                                                                                                                                                             
     151,631,344                                                                                                                                                                                                                                                                                             



Class                      Counts                                                                                                                                                                                                                                                                            
-------------------- ------------                                                                                                                                                                                                                                                                            
system undo header              0                                                                                                                                                                                                                                                                            
system undo block               0                                                                                                                                                                                                                                                                            
undo header                 1,085                                                                                                                                                                                                                                                                            
undo block                  1,123                                                                                                                                                                                                                                                                            


########################################################################

Latch Contention Analysis

Goal:			< 1% miss/get for redo allocation
.			< 1% immediate miss/get for redo copy

Corrective Action:	Redo allocation-  decrease log_small_entry_
.			  max_size
.			Redo copyIncrease log_simultaneous_copies



Latch Type                Misses/Gets (%) Immediate Misses/Gets (%)                                                                                                                                                                                                                                          
------------------------- --------------- -------------------------                                                                                                                                                                                                                                          
redo allocation                    .01264                    .00000                                                                                                                                                                                                                                          
redo copy                          .00000                    .01009                                                                                                                                                                                                                                          


########################################################################

MTS Dispatcher Contention

Goal:			< 50%

Corrective Action:	Add dispatcher processes



NETWORK                                                                                                                          Percent Busy                                                                                                                                                                
-------------------------------------------------------------------------------------------------------------------------------- ------------                                                                                                                                                                
(ADDRESS=(PARTIAL=YES)(PROTOCOL=ipc))                                                                                                  .00000                                                                                                                                                                


########################################################################

Shared Server Process Contention

Goal:			Shared processes less that MTS_MAX_SERVERS

Corrective Action:	Alter MTS_MAX_SERVERS



Average wait per request                                                                                                                                                                                                                                                                                     
-------------------------------------------------                                                                                                                                                                                                                                                            
No Requests                                                                                                                                                                                                                                                                                                  


Shared Server Processes                                                                                                                                                                                                                                                                                      
-----------------------                                                                                                                                                                                                                                                                                      
                      1                                                                                                                                                                                                                                                                                      


Latch Type                MTS_MAX_SERVERS                                                                                                                                                                                                                                                                    
------------------------- ---------------                                                                                                                                                                                                                                                                    
mts_max_servers                        10                                                                                                                                                                                                                                                                    


########################################################################

Redo Log Buffer Space Contention

Goal:			Near 0

Corrective Action:	Increase size of redo log buffer



    Requests                                                                                                                                                                                                                                                                                                 
------------                                                                                                                                                                                                                                                                                                 
           0                                                                                                                                                                                                                                                                                                 


########################################################################

Sort Memory Contention

Goal:			Mimimize sorts to disk

Corrective Action:	Increase sort-area-size



Type                  Number                                                                                                                                                                                                                                                                                 
--------------- ------------                                                                                                                                                                                                                                                                                 
sorts (memory)       119,162                                                                                                                                                                                                                                                                                 
sorts (disk)             136                                                                                                                                                                                                                                                                                 


########################################################################

Free List Contention

Goal:			Number of counts less that 1% of total gets

Corrective Action:	Increase free lists (per table)



      Total Gets                                                                                                                                                                                                                                                                                             
----------------                                                                                                                                                                                                                                                                                             
     151,631,729                                                                                                                                                                                                                                                                                             


Class                      Counts                                                                                                                                                                                                                                                                            
-------------------- ------------                                                                                                                                                                                                                                                                            
free list                       0                                                                                                                                                                                                                                                                            



########################################################################
########################################################################

sar statistics

These statistics have been gathered by the operating system's sar
utility.

The data will be concantonated onto the end of this file approximately
five minutes after the dbcheck script is started (these processes
monitor operating system activity for 5 minutes)


Factors to watch:

%idle > 0 at peak load	If users see appreciable degradation and
.			user CPU time > system CPU time and memory
.			and disks are not issued, then larger
.			CPU needed

bread,bwrit,pread,pwrit	If this sum if over 40 for two drives or
.			60 for 4 to 8 drives, I/O problem

%wio			If consistently greater than 20, may be
.			I/O bound

%rcache > 90		For file systems, else I/O bound
% wcache > 60		For file systems, else I/O bound

page outs,swaps outs	If high, memory may be too small


########################################################################

System Monitoring Data

########################################################################


unknown command beginning "End OF Scr..." - rest of line ignored.
