########################################################################
#               Oracle Database Tuning Report                          #
########################################################################

Instance Name:

orakic                                                                                                                                                                                                                                                                        


Date Of This Report:

22 June      2003  09:05                                                                                                                                                                                                                                                      


########################################################################

Memory Allocation Checks

########################################################################


Library Cache Check

Goal:			<1%

Corrective Action:	Increase shared_pool_size
.			Write identical SQL statements


Library Cache Miss Ratio (%)                                                                                                                                                                                                                                                  
----------------------------                                                                                                                                                                                                                                                  
                         .14                                                                                                                                                                                                                                                  


########################################################################

Data Dictionary Cache Check

Goal:			<10%

Corrective Actions:	Increase shared_pool_size


Data Dictionary Cache Miss Ratio (%)                                                                                                                                                                                                                                          
------------------------------------                                                                                                                                                                                                                                          
                                3.01                                                                                                                                                                                                                                          


########################################################################

Multi-Threaded Server Session Memory

Goal:			Shared_pool_size at lease equal to maximum
.			session memory

Corrective Action:	Increase shared_pool_size


Session Memory (Bytes)                                                                                                                                                                                                                                                        
----------------------                                                                                                                                                                                                                                                        
           687,127,880                                                                                                                                                                                                                                                        


Shared_Pool_Size (Bytes)                                                                                                                                                                                                                                                      
------------------------                                                                                                                                                                                                                                                      
             268,435,456                                                                                                                                                                                                                                                      


########################################################################

Buffer Cache Hit Ratio

Goal:			Above 60 to 70 percent

Corrective Action:	Increase db_block_buffers


Hit Ratio (%)                                                                                                                                                                                                                                                                 
-------------                                                                                                                                                                                                                                                                 
         59.1                                                                                                                                                                                                                                                                 


########################################################################

Disk I/O Checks

########################################################################
########################################################################

Disk Activity Check

Goal:			Balance Load Between Disks

Corrective Action:	Transfer files, reduce other loads to disks,
.			striping disks, separating data files and redo
.			logs



Data File                                            Reads       Writes                                                                                                                                                                                                       
--------------------------------------------- ------------ ------------                                                                                                                                                                                                       
/u01/ORADATA/orakic/orakic/system01.dbf             10,825          689                                                                                                                                                                                                       
/u01/ORADATA/orakic/orakic/undotbs01.dbf               608        7,045                                                                                                                                                                                                       
/u01/ORADATA/orakic/orakic/drsys01.dbf                   3            1                                                                                                                                                                                                       
/u01/ORADATA/orakic/orakic/example01.dbf                43            1                                                                                                                                                                                                       
/u01/ORADATA/orakic/orakic/indx01.dbf                    3            1                                                                                                                                                                                                       
/u01/ORADATA/orakic/orakic/odm01.dbf                     5            1                                                                                                                                                                                                       
/u01/ORADATA/orakic/orakic/tools01.dbf                   3            1                                                                                                                                                                                                       
/u01/ORADATA/orakic/orakic/users01.dbf                   3            1                                                                                                                                                                                                       
/u01/ORADATA/orakic/orakic/xdb01.dbf                     7            1                                                                                                                                                                                                       
/u01/ORADATA/orakic/orakic/EDP.dbf                       3            1                                                                                                                                                                                                       
/u01/ORADATA/orakic/orakic/FIN7IDXTAB.dbf           52,549        2,690                                                                                                                                                                                                       
/u01/ORADATA/orakic/orakic/FIN7IDX_NYR.dbf          20,305          720                                                                                                                                                                                                       
/u01/ORADATA/orakic/orakic/FIN7LIFE.dbf                692           90                                                                                                                                                                                                       
/u01/ORADATA/orakic/orakic/FINAL7.dbf               85,347          309                                                                                                                                                                                                       
/u01/ORADATA/orakic/orakic/LIFE.dbf                 52,968          151                                                                                                                                                                                                       
/u01/ORADATA/orakic/orakic/PAYROLL.dbf                   3            1                                                                                                                                                                                                       
/u01/ORADATA/orakic/orakic/PREMIA.dbf            2,890,794        1,725                                                                                                                                                                                                       
/u01/ORADATA/orakic/orakic/PREMIDXTAB.dbf          113,316        3,208                                                                                                                                                                                                       
/u01/ORADATA/orakic/orakic/SHARES.dbf                    3            1                                                                                                                                                                                                       
/u01/ORADATA/orakic/orakic/SHS_DATA.dbf                  3            1                                                                                                                                                                                                       


########################################################################

Oracle Contention Checks

########################################################################
########################################################################

Rollback Segment Contention

Goal:			Measured Counts < 1% of total gets
.			(the choice of Oracle column names makes it
.			impossible to do this calculation for you)

Corrective Action:	Add more rollback segments



      Total Gets                                                                                                                                                                                                                                                              
----------------                                                                                                                                                                                                                                                              
      23,092,856                                                                                                                                                                                                                                                              



Class                      Counts                                                                                                                                                                                                                                             
-------------------- ------------                                                                                                                                                                                                                                             
system undo header              0                                                                                                                                                                                                                                             
system undo block               0                                                                                                                                                                                                                                             
undo header                     2                                                                                                                                                                                                                                             
undo block                      1                                                                                                                                                                                                                                             


########################################################################

Latch Contention Analysis

Goal:			< 1% miss/get for redo allocation
.			< 1% immediate miss/get for redo copy

Corrective Action:	Redo allocation-  decrease log_small_entry_
.			  max_size
.			Redo copyIncrease log_simultaneous_copies



Latch Type                Misses/Gets (%) Immediate Misses/Gets (%)                                                                                                                                                                                                           
------------------------- --------------- -------------------------                                                                                                                                                                                                           
redo copy                          .00000                    .06891                                                                                                                                                                                                           
redo allocation                    .00469                    .00000                                                                                                                                                                                                           


########################################################################

MTS Dispatcher Contention

Goal:			< 50%

Corrective Action:	Add dispatcher processes



Protocol        Percent Busy                                                                                                                                                                                                                                                  
--------------- ------------                                                                                                                                                                                                                                                  
(ADDRESS=(PROTO       .00000                                                                                                                                                                                                                                                  
COL=tcp)(HOST=l                                                                                                                                                                                                                                                               
egatosrv)(PORT=                                                                                                                                                                                                                                                               
1049))                                                                                                                                                                                                                                                                        
                                                                                                                                                                                                                                                                              


########################################################################

Shared Server Process Contention

Goal:			Shared processes less that MTS_MAX_SERVERS

Corrective Action:	Alter MTS_MAX_SERVERS



Average wait per request                                                                                                                                                                                                                                                      
-------------------------------------------------                                                                                                                                                                                                                             
No Requests                                                                                                                                                                                                                                                                   


Shared Server Processes                                                                                                                                                                                                                                                       
-----------------------                                                                                                                                                                                                                                                       
                      1                                                                                                                                                                                                                                                       


Latch Type                MTS_MAX_SERVERS                                                                                                                                                                                                                                     
------------------------- ---------------                                                                                                                                                                                                                                     
mts_max_servers                        20                                                                                                                                                                                                                                     


########################################################################

Redo Log Buffer Space Contention

Goal:			Near 0

Corrective Action:	Increase size of redo log buffer



    Requests                                                                                                                                                                                                                                                                  
------------                                                                                                                                                                                                                                                                  
           3                                                                                                                                                                                                                                                                  


########################################################################

Sort Memory Contention

Goal:			Mimimize sorts to disk

Corrective Action:	Increase sort-area-size



Type                  Number                                                                                                                                                                                                                                                  
--------------- ------------                                                                                                                                                                                                                                                  
sorts (memory)        36,205                                                                                                                                                                                                                                                  
sorts (disk)              17                                                                                                                                                                                                                                                  


########################################################################

Free List Contention

Goal:			Number of counts less that 1% of total gets

Corrective Action:	Increase free lists (per table)



      Total Gets                                                                                                                                                                                                                                                              
----------------                                                                                                                                                                                                                                                              
      23,094,735                                                                                                                                                                                                                                                              


Class                      Counts                                                                                                                                                                                                                                             
-------------------- ------------                                                                                                                                                                                                                                             
free list                       0                                                                                                                                                                                                                                             



########################################################################
########################################################################

sar statistics

These statistics have been gathered by the operating system's sar
utility.

The data will be concantonated onto the end of this file approximately
five minutes after the dbcheck script is started (these processes
monitor operating system activity for 5 minutes)


Factors to watch:

%idle > 0 at peak load	If users see appreciable degradation and
.			user CPU time > system CPU time and memory
.			and disks are not issued, then larger
.			CPU needed

bread,bwrit,pread,pwrit	If this sum if over 40 for two drives or
.			60 for 4 to 8 drives, I/O problem

%wio			If consistently greater than 20, may be
.			I/O bound

%rcache > 90		For file systems, else I/O bound
% wcache > 60		For file systems, else I/O bound

page outs,swaps outs	If high, memory may be too small


########################################################################

System Monitoring Data

########################################################################


SP2-0734: unknown command beginning "End OF Scr..." - rest of line ignored.
