Date: 02/04/03                                                                                                       Page:   1      
Time: 10:49 AM                                            FREE SPACE REPORT                                          NK_DBA         
                                                        orakic database                                                             
                                                                                                                                    
                                                              Biggest Percent of       Total          Total Percent Free            
Name                                FILES  Frag   Free Meg   Free Meg   Free Meg         Meg       Used Meg    Total Meg            
------------------------------ ---------- ----- ---------- ---------- ---------- ----------- -------------- ------------            
DB_ADMIN                                1     1      18.56      18.56    100.000      20.000           1.44        92.81            
DB_ADMIN_IDX                            1     1       9.81       9.81    100.000      10.000            .19        98.13            
DRSYS                                   1     1      10.31      10.31    100.000      20.000           9.69        51.56            
EDP                                     1     1     240.94     240.94    100.000     512.000         271.06        47.06            
EXAMPLE                                 1     1        .50        .50    100.000     136.875         136.38          .37            
FIN7IDXTAB                              1     1     152.00     152.00    100.000     512.000         360.00        29.69            
FIN7IDX_NYR                             1     2     630.31     629.94     99.941   1,536.000         905.69        41.04            
FIN7LIFE                                1     1     183.50     183.50    100.000     256.000          72.50        71.68            
FINAL7                                  1     1     423.56     423.56    100.000   1,536.000       1,112.44        27.58            
INDX                                    1     1      24.94      24.94    100.000      25.000            .06        99.75            
LIFE                                    1     1     236.56     236.56    100.000   1,024.000         787.44        23.10            
ODM                                     1     1      10.81      10.81    100.000      20.000           9.19        54.06            
PAYROLL                                 1     1      15.94      15.94    100.000      16.000            .06        99.61            
PREMIA                                  1     3   1,364.06   1,279.94     93.833   5,120.000       3,755.94        26.64            
PREMIDXTAB                              1     2   1,977.13   1,151.94     58.263   3,072.000       1,094.88        64.36            
SHARES                                  1     1     101.75     101.75    100.000     128.000          26.25        79.49            
SHS_DATA                                1     1     286.94     286.94    100.000     512.000         225.06        56.04            
SYSTEM                                  1     2     128.25     127.94     99.756     512.000         383.75        25.05            
UNDOTBS1                                1     1   1,022.25   1,022.25    100.000   1,024.000           1.75        99.83            
USERS                                   1     1      31.94      31.94    100.000      32.000            .06        99.80            
XDB                                     1     1        .25        .25    100.000      38.125          37.88          .66            
